<?xml version="1.0" encoding="UTF-8"?>
<testng-results ignored="0" total="1" passed="1" failed="0" skipped="0">
  <reporter-output>
  </reporter-output>
  <suite started-at="2025-06-15T20:37:44 IST" name="Automation Practice Test Suite" finished-at="2025-06-15T20:38:27 IST" duration-ms="43049">
    <groups>
      <group name="sanity">
        <method signature="LoginTest.loginExcelTest(com.ui.pojo.User)[pri:0, instance:com.ui.tests.LoginTest@48d61b48]" name="loginExcelTest" class="com.ui.tests.LoginTest"/>
      </group> <!-- sanity -->
      <group name="e2e">
        <method signature="LoginTest.loginExcelTest(com.ui.pojo.User)[pri:0, instance:com.ui.tests.LoginTest@48d61b48]" name="loginExcelTest" class="com.ui.tests.LoginTest"/>
      </group> <!-- e2e -->
    </groups>
    <test started-at="2025-06-15T20:37:44 IST" name="UI Automation Test" finished-at="2025-06-15T20:38:27 IST" duration-ms="43049">
      <class name="com.ui.tests.LoginTest">
        <test-method is-config="true" signature="setup(java.lang.String,boolean,boolean,org.testng.ITestResult)[pri:0, instance:com.ui.tests.LoginTest@48d61b48]" started-at="2025-06-15T20:37:46 IST" name="setup" description="Load the Homepage of the website" finished-at="2025-06-15T20:38:22 IST" duration-ms="36782" status="PASS">
          <params>
            <param index="0">
              <value>
                <![CDATA[chrome]]>
              </value>
            </param>
            <param index="1">
              <value>
                <![CDATA[true]]>
              </value>
            </param>
            <param index="2">
              <value>
                <![CDATA[true]]>
              </value>
            </param>
            <param index="3">
              <value>
                <![CDATA[[TestResult name={null} status=CREATED method=LoginTest.loginExcelTest(com.ui.pojo.User)[pri:0, instance:com.ui.tests.LoginTest@48d61b48] output={null}]]]>
              </value>
            </param>
          </params>
          <reporter-output>
          </reporter-output>
        </test-method> <!-- setup -->
        <test-method signature="loginExcelTest(com.ui.pojo.User)[pri:0, instance:com.ui.tests.LoginTest@48d61b48]" started-at="2025-06-15T20:38:22 IST" name="loginExcelTest" description="Verifies if the valid user is able to log into the application" data-provider="LoginTestExcelDataProvider" finished-at="2025-06-15T20:38:26 IST" duration-ms="3876" status="PASS">
          <params>
            <param index="0">
              <value>
                <![CDATA[User{emailAddress='javafo8487@noroasis.com', password='password'}]]>
              </value>
            </param>
          </params>
          <reporter-output>
          </reporter-output>
        </test-method> <!-- loginExcelTest -->
        <test-method is-config="true" signature="teardown()[pri:0, instance:com.ui.tests.LoginTest@48d61b48]" started-at="2025-06-15T20:38:26 IST" name="teardown" description="Tear down the browser" finished-at="2025-06-15T20:38:27 IST" duration-ms="895" status="PASS">
          <reporter-output>
          </reporter-output>
        </test-method> <!-- teardown -->
      </class> <!-- com.ui.tests.LoginTest -->
    </test> <!-- UI Automation Test -->
  </suite> <!-- Automation Practice Test Suite -->
</testng-results>
