<?xml version="1.0" encoding="UTF-8"?>
<testsuite xmlns:xsi="http://www.w3.org/2001/XMLSchema-instance" xsi:noNamespaceSchemaLocation="https://maven.apache.org/surefire/maven-surefire-plugin/xsd/surefire-test-report.xsd" version="3.0.2" name="TestSuite" time="108.559" tests="7" errors="0" skipped="0" failures="1">
  <properties>
[...]
</properties>
  <testcase name="loginExcelTest[User{emailAddress=&apos;javafo8487@noroasis.com&apos;, password=&apos;password&apos;}](1)" classname="com.ui.tests.LoginTest" time="3.685">
    <system-out><![CDATA[2025-06-17 23:39:37 [main] INFO com.ui.listeners.TestListeners::onStart::62 Test Suite Started 
C:\Users\shukl\Desktop\SeleniumAutomationProject//testData//loginData.csv
User{emailAddress='javafo8487@noroasis.com', password='password'}
2025-06-17 23:40:03 [TestNG-test-UI Automation Test-2] INFO com.ui.pages.HomePage::goToWebsite::125 Visiting the Website http://www.automationpractice.pl/index.php? 
2025-06-17 23:40:06 [TestNG-test-UI Automation Test-1] INFO com.ui.pages.HomePage::goToWebsite::125 Visiting the Website http://www.automationpractice.pl/index.php? 
2025-06-17 23:40:08 [TestNG-test-UI Automation Test-2] INFO com.ui.listeners.TestListeners::onTestStart::27 loginExcelTest 
2025-06-17 23:40:08 [TestNG-test-UI Automation Test-2] INFO com.ui.listeners.TestListeners::onTestStart::28 Verifies if the valid user is able to log into the application 
2025-06-17 23:40:08 [TestNG-test-UI Automation Test-2] INFO com.ui.listeners.TestListeners::onTestStart::29 [e2e, sanity] 
2025-06-17 23:40:08 [TestNG-test-UI Automation Test-2] INFO com.ui.pages.HomePage::goToLoginPage::28 Trying to perform click to go to sign In page 
2025-06-17 23:40:08 [TestNG-test-UI Automation Test-2] INFO com.ui.pages.HomePage::clickOn::135 Element found with locatorBy.xpath: //a[contains(text(),'Sign in')] 
2025-06-17 23:40:09 [TestNG-test-UI Automation Test-2] INFO com.ui.pages.HomePage::clickOn::137 Element found and now performing click By.xpath: //a[contains(text(),'Sign in')] 
2025-06-17 23:40:10 [TestNG-test-UI Automation Test-7] INFO com.ui.pages.HomePage::goToWebsite::125 Visiting the Website http://www.automationpractice.pl/index.php? 
2025-06-17 23:40:11 [TestNG-test-UI Automation Test-2] INFO com.ui.pages.LoginPage::enterText::162 Element found with locatorBy.id: email 
2025-06-17 23:40:11 [TestNG-test-UI Automation Test-2] INFO com.ui.pages.LoginPage::enterText::165 Element found and now Entering text javafo8487@noroasis.com 
2025-06-17 23:40:11 [TestNG-test-UI Automation Test-1] INFO com.ui.listeners.TestListeners::onTestStart::27 loginCSVTest 
2025-06-17 23:40:11 [TestNG-test-UI Automation Test-1] INFO com.ui.listeners.TestListeners::onTestStart::28 Verifies if the valid user is able to log into the application 
2025-06-17 23:40:11 [TestNG-test-UI Automation Test-1] INFO com.ui.listeners.TestListeners::onTestStart::29 [e2e, sanity] 
2025-06-17 23:40:11 [TestNG-test-UI Automation Test-1] INFO com.ui.pages.HomePage::goToLoginPage::28 Trying to perform click to go to sign In page 
2025-06-17 23:40:11 [TestNG-test-UI Automation Test-1] INFO com.ui.pages.HomePage::clickOn::135 Element found with locatorBy.xpath: //a[contains(text(),'Sign in')] 
2025-06-17 23:40:12 [TestNG-test-UI Automation Test-2] INFO com.ui.pages.LoginPage::enterText::162 Element found with locatorBy.id: passwd 
2025-06-17 23:40:12 [TestNG-test-UI Automation Test-2] INFO com.ui.pages.LoginPage::enterText::165 Element found and now Entering text password 
2025-06-17 23:40:12 [TestNG-test-UI Automation Test-1] INFO com.ui.pages.HomePage::clickOn::137 Element found and now performing click By.xpath: //a[contains(text(),'Sign in')] 
2025-06-17 23:40:12 [TestNG-test-UI Automation Test-2] INFO com.ui.pages.LoginPage::clickOn::135 Element found with locatorBy.id: SubmitLogin 
2025-06-17 23:40:13 [TestNG-test-UI Automation Test-2] INFO com.ui.pages.LoginPage::clickOn::137 Element found and now performing click By.id: SubmitLogin 
2025-06-17 23:40:14 [TestNG-test-UI Automation Test-1] INFO com.ui.pages.LoginPage::enterText::162 Element found with locatorBy.id: email 
2025-06-17 23:40:14 [TestNG-test-UI Automation Test-7] INFO com.ui.pages.HomePage::goToLoginPage::28 Trying to perform click to go to sign In page 
2025-06-17 23:40:14 [TestNG-test-UI Automation Test-7] INFO com.ui.pages.HomePage::clickOn::135 Element found with locatorBy.xpath: //a[contains(text(),'Sign in')] 
2025-06-17 23:40:14 [TestNG-test-UI Automation Test-1] INFO com.ui.pages.LoginPage::enterText::165 Element found and now Entering text javafo8487@noroasis.com 
2025-06-17 23:40:14 [TestNG-test-UI Automation Test-2] INFO com.ui.pages.MyAccountPage::getVisibleText::180 Element found with locatorBy.xpath: //a[@title= 'View my customer account']/span 
2025-06-17 23:40:14 [TestNG-test-UI Automation Test-1] INFO com.ui.pages.LoginPage::enterText::162 Element found with locatorBy.id: passwd 
2025-06-17 23:40:15 [TestNG-test-UI Automation Test-7] INFO com.ui.pages.HomePage::clickOn::137 Element found and now performing click By.xpath: //a[contains(text(),'Sign in')] 
2025-06-17 23:40:15 [TestNG-test-UI Automation Test-2] INFO com.ui.pages.MyAccountPage::getVisibleText::183 Element found and now returning the visible text Kanishk Shukla 
2025-06-17 23:40:15 [TestNG-test-UI Automation Test-1] INFO com.ui.pages.LoginPage::enterText::165 Element found and now Entering text password 
]]></system-out>
    <system-err><![CDATA[SLF4J(W): No SLF4J providers were found.
SLF4J(W): Defaulting to no-operation (NOP) logger implementation
SLF4J(W): See https://www.slf4j.org/codes.html#noProviders for further details.
Jun 17, 2025 11:39:38 PM org.openqa.selenium.remote.tracing.opentelemetry.OpenTelemetryTracer createTracer
INFO: Using OpenTelemetry for tracing
]]></system-err>
  </testcase>
  <testcase name="loginCSVTest[User{emailAddress=&apos;javafo8487@noroasis.com&apos;, password=&apos;password&apos;}](1)" classname="com.ui.tests.LoginTest" time="6.605">
    <system-out><![CDATA[2025-06-17 23:40:15 [TestNG-test-UI Automation Test-2] INFO com.ui.listeners.TestListeners::onTestSuccess::36 loginExcelTest PASSED 
2025-06-17 23:40:15 [TestNG-test-UI Automation Test-1] INFO com.ui.pages.LoginPage::clickOn::135 Element found with locatorBy.id: SubmitLogin 
2025-06-17 23:40:16 [TestNG-test-UI Automation Test-1] INFO com.ui.pages.LoginPage::clickOn::137 Element found and now performing click By.id: SubmitLogin 
2025-06-17 23:40:16 [TestNG-test-UI Automation Test-7] INFO com.ui.pages.LoginPage::enterText::162 Element found with locatorBy.id: email 
2025-06-17 23:40:17 [TestNG-test-UI Automation Test-7] INFO com.ui.pages.LoginPage::enterText::165 Element found and now Entering text javafo8487@noroasis.com 
2025-06-17 23:40:17 [TestNG-test-UI Automation Test-7] INFO com.ui.pages.LoginPage::enterText::162 Element found with locatorBy.id: passwd 
2025-06-17 23:40:17 [TestNG-test-UI Automation Test-1] INFO com.ui.pages.MyAccountPage::getVisibleText::180 Element found with locatorBy.xpath: //a[@title= 'View my customer account']/span 
2025-06-17 23:40:17 [TestNG-test-UI Automation Test-7] INFO com.ui.pages.LoginPage::enterText::165 Element found and now Entering text password 
2025-06-17 23:40:17 [TestNG-test-UI Automation Test-7] INFO com.ui.pages.LoginPage::clickOn::135 Element found with locatorBy.id: SubmitLogin 
2025-06-17 23:40:18 [TestNG-test-UI Automation Test-1] INFO com.ui.pages.MyAccountPage::getVisibleText::183 Element found and now returning the visible text Kanishk Shukla 
]]></system-out>
  </testcase>
  <testcase name="loginTest[User{emailAddress=&apos;javafo8487@noroasis.com&apos;, password=&apos;password&apos;}](1)" classname="com.ui.tests.LoginTest" time="6.552">
    <system-out><![CDATA[2025-06-17 23:40:53 [TestNG-test-UI Automation Test-4] INFO com.ui.listeners.TestListeners::onTestSuccess::36 invalidLoginTest PASSED 
2025-06-17 23:40:59 [TestNG-test-UI Automation Test-3] INFO com.ui.pages.HomePage::goToWebsite::125 Visiting the Website http://www.automationpractice.pl/index.php? 
2025-06-17 23:41:03 [TestNG-test-UI Automation Test-3] INFO com.ui.listeners.TestListeners::onTestStart::27 loginTest 
2025-06-17 23:41:03 [TestNG-test-UI Automation Test-3] INFO com.ui.listeners.TestListeners::onTestStart::28 Verifies if the valid user is able to log into the application 
2025-06-17 23:41:03 [TestNG-test-UI Automation Test-3] INFO com.ui.listeners.TestListeners::onTestStart::29 [e2e, sanity] 
2025-06-17 23:41:03 [TestNG-test-UI Automation Test-3] INFO com.ui.pages.HomePage::goToLoginPage::28 Trying to perform click to go to sign In page 
2025-06-17 23:41:03 [TestNG-test-UI Automation Test-3] INFO com.ui.pages.HomePage::clickOn::135 Element found with locatorBy.xpath: //a[contains(text(),'Sign in')] 
2025-06-17 23:41:04 [TestNG-test-UI Automation Test-3] INFO com.ui.pages.HomePage::clickOn::137 Element found and now performing click By.xpath: //a[contains(text(),'Sign in')] 
2025-06-17 23:41:05 [TestNG-test-UI Automation Test-3] INFO com.ui.pages.LoginPage::enterText::162 Element found with locatorBy.id: email 
2025-06-17 23:41:06 [TestNG-test-UI Automation Test-3] INFO com.ui.pages.LoginPage::enterText::165 Element found and now Entering text javafo8487@noroasis.com 
2025-06-17 23:41:06 [TestNG-test-UI Automation Test-3] INFO com.ui.pages.LoginPage::enterText::162 Element found with locatorBy.id: passwd 
2025-06-17 23:41:07 [TestNG-test-UI Automation Test-3] INFO com.ui.pages.LoginPage::enterText::165 Element found and now Entering text password 
2025-06-17 23:41:07 [TestNG-test-UI Automation Test-3] INFO com.ui.pages.LoginPage::clickOn::135 Element found with locatorBy.id: SubmitLogin 
2025-06-17 23:41:08 [TestNG-test-UI Automation Test-3] INFO com.ui.pages.LoginPage::clickOn::137 Element found and now performing click By.id: SubmitLogin 
2025-06-17 23:41:09 [TestNG-test-UI Automation Test-6] INFO com.ui.pages.HomePage::goToWebsite::125 Visiting the Website http://www.automationpractice.pl/index.php? 
2025-06-17 23:41:09 [TestNG-test-UI Automation Test-3] INFO com.ui.pages.MyAccountPage::getVisibleText::180 Element found with locatorBy.xpath: //a[@title= 'View my customer account']/span 
2025-06-17 23:41:10 [TestNG-test-UI Automation Test-3] INFO com.ui.pages.MyAccountPage::getVisibleText::183 Element found and now returning the visible text Kanishk Shukla 
]]></system-out>
  </testcase>
  <testcase name="checkoutTest" classname="com.ui.tests.ProductCheckoutTest" time="20.681">
    <system-out><![CDATA[2025-06-17 23:40:18 [TestNG-test-UI Automation Test-1] INFO com.ui.listeners.TestListeners::onTestSuccess::36 loginCSVTest PASSED 
2025-06-17 23:40:18 [TestNG-test-UI Automation Test-7] INFO com.ui.pages.LoginPage::clickOn::137 Element found and now performing click By.id: SubmitLogin 
2025-06-17 23:40:19 [TestNG-test-UI Automation Test-7] INFO com.ui.pages.MyAccountPage::enterText::162 Element found with locatorBy.id: search_query_top 
2025-06-17 23:40:20 [TestNG-test-UI Automation Test-7] INFO com.ui.pages.MyAccountPage::enterText::165 Element found and now Entering text Printed Summer Dress 
2025-06-17 23:40:20 [TestNG-test-UI Automation Test-7] INFO com.ui.pages.MyAccountPage::enterSpecialKey::170 Element found with locatorBy.id: search_query_top 
2025-06-17 23:40:20 [TestNG-test-UI Automation Test-7] INFO com.ui.pages.MyAccountPage::enterSpecialKey::173 Element found and now Enter the special key  
2025-06-17 23:40:21 [TestNG-test-UI Automation Test-7] INFO com.ui.listeners.TestListeners::onTestStart::27 checkoutTest 
2025-06-17 23:40:21 [TestNG-test-UI Automation Test-7] INFO com.ui.listeners.TestListeners::onTestStart::28 Verify if the logged in User is able to buy a dress 
2025-06-17 23:40:21 [TestNG-test-UI Automation Test-7] INFO com.ui.listeners.TestListeners::onTestStart::29 [smoke, e2e, sanity] 
2025-06-17 23:40:21 [TestNG-test-UI Automation Test-7] INFO com.ui.pages.SearchResultPage::getAllElements::204 Element found with locatorBy.xpath: //h5[@itemprop = 'name']/a 
2025-06-17 23:40:22 [TestNG-test-UI Automation Test-7] INFO com.ui.pages.SearchResultPage::getAllElements::206 Elements found and now returning the List of Elements 
2025-06-17 23:40:22 [TestNG-test-UI Automation Test-7] INFO com.ui.pages.SearchResultPage::clickOn::149 Element found and now performing click 
2025-06-17 23:40:23 [TestNG-test-UI Automation Test-7] INFO com.ui.pages.ProductDetailPage::selectFromDropDown::211 Element found with locatorBy.id: group_1 
2025-06-17 23:40:24 [TestNG-test-UI Automation Test-7] INFO com.ui.pages.ProductDetailPage::selectFromDropDown::214 Selecting the optionL 
2025-06-17 23:40:25 [TestNG-test-UI Automation Test-7] INFO com.ui.pages.ProductDetailPage::clickOn::135 Element found with locatorBy.name: Submit 
2025-06-17 23:40:25 [TestNG-test-UI Automation Test-7] INFO com.ui.pages.ProductDetailPage::clickOn::137 Element found and now performing click By.name: Submit 
2025-06-17 23:40:26 [TestNG-test-UI Automation Test-7] INFO com.ui.pages.ProductDetailPage::clickOn::135 Element found with locatorBy.xpath: //a[@title = 'Proceed to checkout'] 
2025-06-17 23:40:26 [TestNG-test-UI Automation Test-7] INFO com.ui.pages.ProductDetailPage::clickOn::137 Element found and now performing click By.xpath: //a[@title = 'Proceed to checkout'] 
2025-06-17 23:40:27 [TestNG-test-UI Automation Test-7] INFO com.ui.pages.ShoppingCartPage::clickOn::135 Element found with locatorBy.xpath: //p[contains(@class,'cart_navigation clearfix')]/a[@title='Proceed to checkout'] 
2025-06-17 23:40:28 [TestNG-test-UI Automation Test-7] INFO com.ui.pages.ShoppingCartPage::clickOn::137 Element found and now performing click By.xpath: //p[contains(@class,'cart_navigation clearfix')]/a[@title='Proceed to checkout'] 
2025-06-17 23:40:29 [TestNG-test-UI Automation Test-7] INFO com.ui.pages.ConfirmAddressPage::clickOn::135 Element found with locatorBy.name: processAddress 
2025-06-17 23:40:30 [TestNG-test-UI Automation Test-7] INFO com.ui.pages.ConfirmAddressPage::clickOn::137 Element found and now performing click By.name: processAddress 
2025-06-17 23:40:31 [TestNG-test-UI Automation Test-7] INFO com.ui.pages.ShippmentPage::clickOnCheckBox::142 Element found with locatorBy.id: uniform-cgv 
2025-06-17 23:40:31 [TestNG-test-UI Automation Test-7] INFO com.ui.pages.ShippmentPage::clickOnCheckBox::144 Element found and now performing click By.id: uniform-cgv 
2025-06-17 23:40:31 [TestNG-test-UI Automation Test-7] INFO com.ui.pages.ShippmentPage::clickOn::135 Element found with locatorBy.name: processCarrier 
2025-06-17 23:40:32 [TestNG-test-UI Automation Test-7] INFO com.ui.pages.ShippmentPage::clickOn::137 Element found and now performing click By.name: processCarrier 
2025-06-17 23:40:33 [TestNG-test-UI Automation Test-7] INFO com.ui.pages.PaymentPage::clickOn::135 Element found with locatorBy.xpath: //a[@title='Pay by bank wire'] 
2025-06-17 23:40:33 [TestNG-test-UI Automation Test-7] INFO com.ui.pages.PaymentPage::clickOn::137 Element found and now performing click By.xpath: //a[@title='Pay by bank wire'] 
2025-06-17 23:40:34 [TestNG-test-UI Automation Test-5] INFO com.ui.pages.HomePage::goToWebsite::125 Visiting the Website http://www.automationpractice.pl/index.php? 
2025-06-17 23:40:34 [TestNG-test-UI Automation Test-7] INFO com.ui.pages.PaymentPage::clickOn::135 Element found with locatorBy.xpath: //p[contains(@class,'cart_navigation')]//button 
2025-06-17 23:40:35 [TestNG-test-UI Automation Test-7] INFO com.ui.pages.PaymentPage::clickOn::137 Element found and now performing click By.xpath: //p[contains(@class,'cart_navigation')]//button 
2025-06-17 23:40:38 [TestNG-test-UI Automation Test-5] INFO com.ui.pages.HomePage::goToLoginPage::28 Trying to perform click to go to sign In page 
2025-06-17 23:40:38 [TestNG-test-UI Automation Test-5] INFO com.ui.pages.HomePage::clickOn::135 Element found with locatorBy.xpath: //a[contains(text(),'Sign in')] 
2025-06-17 23:40:39 [TestNG-test-UI Automation Test-5] INFO com.ui.pages.HomePage::clickOn::137 Element found and now performing click By.xpath: //a[contains(text(),'Sign in')] 
2025-06-17 23:40:40 [TestNG-test-UI Automation Test-5] INFO com.ui.pages.LoginPage::enterText::162 Element found with locatorBy.id: email 
2025-06-17 23:40:41 [TestNG-test-UI Automation Test-7] INFO com.ui.pages.PaymentPage::getVisibleText::180 Element found with locatorBy.xpath: //p[contains(@class,'alert alert-success')] 
2025-06-17 23:40:41 [TestNG-test-UI Automation Test-5] INFO com.ui.pages.LoginPage::enterText::165 Element found and now Entering text javafo8487@noroasis.com 
2025-06-17 23:40:42 [TestNG-test-UI Automation Test-5] INFO com.ui.pages.LoginPage::enterText::162 Element found with locatorBy.id: passwd 
2025-06-17 23:40:42 [TestNG-test-UI Automation Test-7] INFO com.ui.pages.PaymentPage::getVisibleText::183 Element found and now returning the visible text Your order on My Shop is complete. 
]]></system-out>
  </testcase>
  <testcase name="addNewAddress" classname="com.ui.tests.AddNewFirstAddressTest" time="3.974">
    <failure message="Expected condition failed: waiting for element to be clickable: By.xpath: //a[@title = &apos;Add my first address&apos;] (tried for 5 second(s) with 500 milliseconds interval)&#10;Build info: version: &apos;4.31.0&apos;, revision: &apos;1ef9f18787*&apos;&#10;System info: os.name: &apos;Windows 10&apos;, os.arch: &apos;amd64&apos;, os.version: &apos;10.0&apos;, java.version: &apos;23.0.2&apos;&#10;Driver info: org.openqa.selenium.remote.RemoteWebDriver&#10;Capabilities {acceptInsecureCerts: false, browserName: MicrosoftEdge, browserVersion: 127.0.2651.74, fedcm:accounts: true, ms:edgeOptions: {debuggerAddress: localhost:54491}, msedge: {msedgedriverVersion: 127.0.2651.74 (dbf5b0aa014c..., userDataDir: C:\Program Files (x86)\scop...}, networkConnectionEnabled: false, pageLoadStrategy: normal, platformName: Windows XP, proxy: Proxy(), se:bidiEnabled: false, se:cdp: wss://cdp-mumbai.lambdatest..., se:cdpVersion: 127.0.2651.74, setWindowRect: true, strictFileInteractability: false, timeouts: {implicit: 0, pageLoad: 300000, script: 30000}, unhandledPromptBehavior: dismiss and notify, webauthn:extension:credBlob: true, webauthn:extension:largeBlob: true, webauthn:extension:minPinLength: true, webauthn:extension:prf: true, webauthn:virtualAuthenticators: true}&#10;Session ID: 739b39e421032f8982ab83e94850da7a" type="org.openqa.selenium.TimeoutException"><![CDATA[org.openqa.selenium.TimeoutException: 
Expected condition failed: waiting for element to be clickable: By.xpath: //a[@title = 'Add my first address'] (tried for 5 second(s) with 500 milliseconds interval)
Build info: version: '4.31.0', revision: '1ef9f18787*'
System info: os.name: 'Windows 10', os.arch: 'amd64', os.version: '10.0', java.version: '23.0.2'
Driver info: org.openqa.selenium.remote.RemoteWebDriver
Capabilities {acceptInsecureCerts: false, browserName: MicrosoftEdge, browserVersion: 127.0.2651.74, fedcm:accounts: true, ms:edgeOptions: {debuggerAddress: localhost:54491}, msedge: {msedgedriverVersion: 127.0.2651.74 (dbf5b0aa014c..., userDataDir: C:\Program Files (x86)\scop...}, networkConnectionEnabled: false, pageLoadStrategy: normal, platformName: Windows XP, proxy: Proxy(), se:bidiEnabled: false, se:cdp: wss://cdp-mumbai.lambdatest..., se:cdpVersion: 127.0.2651.74, setWindowRect: true, strictFileInteractability: false, timeouts: {implicit: 0, pageLoad: 300000, script: 30000}, unhandledPromptBehavior: dismiss and notify, webauthn:extension:credBlob: true, webauthn:extension:largeBlob: true, webauthn:extension:minPinLength: true, webauthn:extension:prf: true, webauthn:virtualAuthenticators: true}
Session ID: 739b39e421032f8982ab83e94850da7a
	at org.openqa.selenium.support.ui.WebDriverWait.timeoutException(WebDriverWait.java:84)
	at org.openqa.selenium.support.ui.FluentWait.until(FluentWait.java:228)
	at com.utility.BrowserUtility.clickOn(BrowserUtility.java:136)
	at com.ui.pages.MyAccountPage.goToAddAddressPage(MyAccountPage.java:30)
	at com.ui.tests.AddNewFirstAddressTest.addNewAddress(AddNewFirstAddressTest.java:25)
	at java.base/jdk.internal.reflect.DirectMethodHandleAccessor.invoke(DirectMethodHandleAccessor.java:103)
	at java.base/java.lang.reflect.Method.invoke(Method.java:580)
	at org.testng.internal.invokers.MethodInvocationHelper.invokeMethod(MethodInvocationHelper.java:141)
	at org.testng.internal.invokers.TestInvoker.invokeMethod(TestInvoker.java:687)
	at org.testng.internal.invokers.TestInvoker.invokeTestMethod(TestInvoker.java:230)
	at org.testng.internal.invokers.MethodRunner.runInSequence(MethodRunner.java:63)
	at org.testng.internal.invokers.TestInvoker$MethodInvocationAgent.invoke(TestInvoker.java:995)
	at org.testng.internal.invokers.TestInvoker.invokeTestMethods(TestInvoker.java:203)
	at org.testng.internal.invokers.TestMethodWorker.invokeTestMethods(TestMethodWorker.java:154)
	at org.testng.internal.invokers.TestMethodWorker.run(TestMethodWorker.java:134)
	at java.base/java.util.concurrent.Executors$RunnableAdapter.call(Executors.java:572)
	at java.base/java.util.concurrent.FutureTask.run(FutureTask.java:317)
	at org.testng.internal.thread.graph.TestNGFutureTask.run(TestNGFutureTask.java:22)
	at java.base/java.util.concurrent.ThreadPoolExecutor.runWorker(ThreadPoolExecutor.java:1144)
	at java.base/java.util.concurrent.ThreadPoolExecutor$Worker.run(ThreadPoolExecutor.java:642)
	at java.base/java.lang.Thread.run(Thread.java:1575)
]]></failure>
    <system-out><![CDATA[2025-06-17 23:40:42 [TestNG-test-UI Automation Test-7] INFO com.ui.listeners.TestListeners::onTestSuccess::36 checkoutTest PASSED 
2025-06-17 23:40:42 [TestNG-test-UI Automation Test-5] INFO com.ui.pages.LoginPage::enterText::165 Element found and now Entering text password 
2025-06-17 23:40:43 [TestNG-test-UI Automation Test-5] INFO com.ui.pages.LoginPage::clickOn::135 Element found with locatorBy.id: SubmitLogin 
2025-06-17 23:40:43 [TestNG-test-UI Automation Test-4] INFO com.ui.pages.HomePage::goToWebsite::125 Visiting the Website http://www.automationpractice.pl/index.php? 
2025-06-17 23:40:44 [TestNG-test-UI Automation Test-5] INFO com.ui.pages.LoginPage::clickOn::137 Element found and now performing click By.id: SubmitLogin 
2025-06-17 23:40:46 [TestNG-test-UI Automation Test-5] INFO com.ui.listeners.TestListeners::onTestStart::27 addNewAddress 
2025-06-17 23:40:46 [TestNG-test-UI Automation Test-5] INFO com.ui.listeners.TestListeners::onTestStart::28  
2025-06-17 23:40:46 [TestNG-test-UI Automation Test-5] INFO com.ui.listeners.TestListeners::onTestStart::29 [] 
2025-06-17 23:40:46 [TestNG-test-UI Automation Test-5] INFO com.ui.pages.MyAccountPage::clickOn::135 Element found with locatorBy.xpath: //a[@title = 'Add my first address'] 
2025-06-17 23:40:48 [TestNG-test-UI Automation Test-4] INFO com.ui.listeners.TestListeners::onTestStart::27 invalidLoginTest 
2025-06-17 23:40:48 [TestNG-test-UI Automation Test-4] INFO com.ui.listeners.TestListeners::onTestStart::28 Verifies if proper error messages is shown for user for invalid credentials 
2025-06-17 23:40:48 [TestNG-test-UI Automation Test-4] INFO com.ui.listeners.TestListeners::onTestStart::29 [e2e, sanity] 
2025-06-17 23:40:48 [TestNG-test-UI Automation Test-4] INFO com.ui.tests.InvalidCredsLoginTest::invalidLoginTest::19 Starting the Invalid Credential test  
2025-06-17 23:40:48 [TestNG-test-UI Automation Test-4] INFO com.ui.pages.HomePage::goToLoginPage::28 Trying to perform click to go to sign In page 
2025-06-17 23:40:48 [TestNG-test-UI Automation Test-4] INFO com.ui.pages.HomePage::clickOn::135 Element found with locatorBy.xpath: //a[contains(text(),'Sign in')] 
2025-06-17 23:40:48 [TestNG-test-UI Automation Test-4] INFO com.ui.pages.HomePage::clickOn::137 Element found and now performing click By.xpath: //a[contains(text(),'Sign in')] 
2025-06-17 23:40:50 [TestNG-test-UI Automation Test-4] INFO com.ui.pages.LoginPage::enterText::162 Element found with locatorBy.id: email 
2025-06-17 23:40:50 [TestNG-test-UI Automation Test-4] INFO com.ui.pages.LoginPage::enterText::165 Element found and now Entering text kwedefvfjbvqjn@gmail.com 
2025-06-17 23:40:51 [TestNG-test-UI Automation Test-4] INFO com.ui.pages.LoginPage::enterText::162 Element found with locatorBy.id: passwd 
2025-06-17 23:40:51 [TestNG-test-UI Automation Test-4] INFO com.ui.pages.LoginPage::enterText::165 Element found and now Entering text QWERTYUIO123 
2025-06-17 23:40:51 [TestNG-test-UI Automation Test-4] INFO com.ui.pages.LoginPage::clickOn::135 Element found with locatorBy.id: SubmitLogin 
]]></system-out>
  </testcase>
  <testcase name="invalidLoginTest" classname="com.ui.tests.InvalidCredsLoginTest" time="5.792">
    <system-out><![CDATA[2025-06-17 23:40:52 [TestNG-test-UI Automation Test-5] ERROR com.ui.listeners.TestListeners::onTestFailure::41 addNewAddress FAILED 
2025-06-17 23:40:52 [TestNG-test-UI Automation Test-5] ERROR com.ui.listeners.TestListeners::onTestFailure::42 Expected condition failed: waiting for element to be clickable: By.xpath: //a[@title = 'Add my first address'] (tried for 5 second(s) with 500 milliseconds interval)
Build info: version: '4.31.0', revision: '1ef9f18787*'
System info: os.name: 'Windows 10', os.arch: 'amd64', os.version: '10.0', java.version: '23.0.2'
Driver info: org.openqa.selenium.remote.RemoteWebDriver
Capabilities {acceptInsecureCerts: false, browserName: MicrosoftEdge, browserVersion: 127.0.2651.74, fedcm:accounts: true, ms:edgeOptions: {debuggerAddress: localhost:54491}, msedge: {msedgedriverVersion: 127.0.2651.74 (dbf5b0aa014c..., userDataDir: C:\Program Files (x86)\scop...}, networkConnectionEnabled: false, pageLoadStrategy: normal, platformName: Windows XP, proxy: Proxy(), se:bidiEnabled: false, se:cdp: wss://cdp-mumbai.lambdatest..., se:cdpVersion: 127.0.2651.74, setWindowRect: true, strictFileInteractability: false, timeouts: {implicit: 0, pageLoad: 300000, script: 30000}, unhandledPromptBehavior: dismiss and notify, webauthn:extension:credBlob: true, webauthn:extension:largeBlob: true, webauthn:extension:minPinLength: true, webauthn:extension:prf: true, webauthn:virtualAuthenticators: true}
Session ID: 739b39e421032f8982ab83e94850da7a 
2025-06-17 23:40:52 [TestNG-test-UI Automation Test-5] INFO com.ui.listeners.TestListeners::onTestFailure::50 Capturing Screenshot of the failed test 
2025-06-17 23:40:52 [TestNG-test-UI Automation Test-4] INFO com.ui.pages.LoginPage::clickOn::137 Element found and now performing click By.id: SubmitLogin 
2025-06-17 23:40:53 [TestNG-test-UI Automation Test-5] INFO com.ui.listeners.TestListeners::onTestFailure::52 Attaching Screenshot of the failed test to the HTML file 
2025-06-17 23:40:53 [TestNG-test-UI Automation Test-4] INFO com.ui.pages.LoginPage::getVisibleText::180 Element found with locatorBy.xpath: //div[contains(@class,'alert-danger')]/ol/li 
2025-06-17 23:40:53 [TestNG-test-UI Automation Test-4] INFO com.ui.pages.LoginPage::getVisibleText::183 Element found and now returning the visible text Authentication failed. 
]]></system-out>
  </testcase>
  <testcase name="verifyProductSearchTest" classname="com.ui.tests.SearchProductTest" time="3.378">
    <system-out><![CDATA[2025-06-17 23:41:10 [TestNG-test-UI Automation Test-3] INFO com.ui.listeners.TestListeners::onTestSuccess::36 loginTest PASSED 
2025-06-17 23:41:13 [TestNG-test-UI Automation Test-6] INFO com.ui.pages.HomePage::goToLoginPage::28 Trying to perform click to go to sign In page 
2025-06-17 23:41:13 [TestNG-test-UI Automation Test-6] INFO com.ui.pages.HomePage::clickOn::135 Element found with locatorBy.xpath: //a[contains(text(),'Sign in')] 
2025-06-17 23:41:14 [TestNG-test-UI Automation Test-6] INFO com.ui.pages.HomePage::clickOn::137 Element found and now performing click By.xpath: //a[contains(text(),'Sign in')] 
2025-06-17 23:41:15 [TestNG-test-UI Automation Test-6] INFO com.ui.pages.LoginPage::enterText::162 Element found with locatorBy.id: email 
2025-06-17 23:41:16 [TestNG-test-UI Automation Test-6] INFO com.ui.pages.LoginPage::enterText::165 Element found and now Entering text javafo8487@noroasis.com 
2025-06-17 23:41:16 [TestNG-test-UI Automation Test-6] INFO com.ui.pages.LoginPage::enterText::162 Element found with locatorBy.id: passwd 
2025-06-17 23:41:17 [TestNG-test-UI Automation Test-6] INFO com.ui.pages.LoginPage::enterText::165 Element found and now Entering text password 
2025-06-17 23:41:17 [TestNG-test-UI Automation Test-6] INFO com.ui.pages.LoginPage::clickOn::135 Element found with locatorBy.id: SubmitLogin 
2025-06-17 23:41:17 [TestNG-test-UI Automation Test-6] INFO com.ui.pages.LoginPage::clickOn::137 Element found and now performing click By.id: SubmitLogin 
2025-06-17 23:41:19 [TestNG-test-UI Automation Test-6] INFO com.ui.listeners.TestListeners::onTestStart::27 verifyProductSearchTest 
2025-06-17 23:41:19 [TestNG-test-UI Automation Test-6] INFO com.ui.listeners.TestListeners::onTestStart::28 Verify if Logged in User is able to search for a product and correct product search results is displayed 
2025-06-17 23:41:19 [TestNG-test-UI Automation Test-6] INFO com.ui.listeners.TestListeners::onTestStart::29 [smoke, e2e, sanity] 
2025-06-17 23:41:19 [TestNG-test-UI Automation Test-6] INFO com.ui.pages.MyAccountPage::enterText::162 Element found with locatorBy.id: search_query_top 
2025-06-17 23:41:19 [TestNG-test-UI Automation Test-6] INFO com.ui.pages.MyAccountPage::enterText::165 Element found and now Entering text Printed Summer Dress 
2025-06-17 23:41:19 [TestNG-test-UI Automation Test-6] INFO com.ui.pages.MyAccountPage::enterSpecialKey::170 Element found with locatorBy.id: search_query_top 
2025-06-17 23:41:19 [TestNG-test-UI Automation Test-6] INFO com.ui.pages.MyAccountPage::enterSpecialKey::173 Element found and now Enter the special key  
2025-06-17 23:41:21 [TestNG-test-UI Automation Test-6] INFO com.ui.pages.SearchResultPage::getAllVisibleText::193 Element found with locatorBy.xpath: //h5[@itemprop = 'name']/a 
2025-06-17 23:41:21 [TestNG-test-UI Automation Test-6] INFO com.ui.pages.SearchResultPage::getAllVisibleText::195 Elements found and now printing the List of Elements 
2025-06-17 23:41:21 [TestNG-test-UI Automation Test-6] INFO com.ui.pages.SearchResultPage::getVisibleText::188 Returning the visible text Printed Summer Dress 
2025-06-17 23:41:21 [TestNG-test-UI Automation Test-6] INFO com.ui.pages.SearchResultPage::getVisibleText::188 Returning the visible text Printed Summer Dress 
2025-06-17 23:41:22 [TestNG-test-UI Automation Test-6] INFO com.ui.pages.SearchResultPage::getVisibleText::188 Returning the visible text Printed Chiffon Dress 
]]></system-out>
  </testcase>
</testsuite>